2021-08-08 22:32:44   INFO [RegistrationTest:31  ] : Open url - http://automationpractice.com/index.php
2021-08-08 22:32:46   INFO [RegistrationTest:41  ] : Click login - //a[@class='login']
2021-08-08 22:32:46   INFO [RegistrationTest:44  ] : Input email - 1234qwer@umail.com
2021-08-08 22:32:46   INFO [RegistrationTest:47  ] : Click account create form
2021-08-08 22:32:48   INFO [RegistrationTest:50  ] : Input customer firstname - Vika
2021-08-08 22:32:48   INFO [RegistrationTest:53  ] : Input customer lastname - Kondratova
2021-08-08 22:32:49   INFO [RegistrationTest:56  ] : Input email - 1234qwer@umail.com
2021-08-08 22:32:49   INFO [RegistrationTest:59  ] : Input password - 1234qwer
2021-08-08 22:32:49   INFO [RegistrationTest:64  ] : Input first name - Vika
2021-08-08 22:32:49   INFO [RegistrationTest:67  ] : input last name - Kondratova
2021-08-08 22:32:51   INFO [RegistrationTest:74  ] : Select by index - 32
2021-08-08 22:32:51   INFO [RegistrationTest:77  ] : Input post code - 68538
2021-08-08 22:32:51   INFO [RegistrationTest:81  ] : Select by visible text - United States
2021-08-08 22:32:51   INFO [RegistrationTest:84  ] : Input phone - 1234567890
2021-08-08 22:32:51   INFO [RegistrationTest:88  ] : Input alias - 1234qwer@umail.com
2021-08-08 22:32:53   INFO [RegistrationTest:90  ] : Click button submit registration
2021-08-08 23:58:59   INFO [RegistrationTest:31  ] : Open url - http://automationpractice.com/index.php
2021-08-08 23:59:01   INFO [RegistrationTest:41  ] : Click login - //a[@class='login']
2021-08-08 23:59:01   INFO [RegistrationTest:44  ] : Input email - 1234qwer@umail.com
2021-08-08 23:59:01   INFO [RegistrationTest:47  ] : Click account create form
2021-09-08 00:03:10   INFO [RegistrationTest:31  ] : Open url - http://automationpractice.com/index.php
2021-09-08 00:03:13   INFO [RegistrationTest:42  ] : Click login - //a[@class='login']
2021-09-08 00:03:13   INFO [RegistrationTest:45  ] : Input email - 12334qwer@umail.com
2021-09-08 00:03:13   INFO [RegistrationTest:48  ] : Click account create form
2021-09-08 00:03:15   INFO [RegistrationTest:51  ] : Input customer firstname - Vika
2021-09-08 00:03:15   INFO [RegistrationTest:54  ] : Input customer lastname - Kondratova
2021-09-08 00:03:15   INFO [RegistrationTest:57  ] : Input email - 12334qwer@umail.com
2021-09-08 00:03:15   INFO [RegistrationTest:60  ] : Input password - 1234qwer
2021-09-08 00:03:16   INFO [RegistrationTest:65  ] : Input first name - Vika
2021-09-08 00:03:16   INFO [RegistrationTest:68  ] : input last name - Kondratova
2021-09-08 00:03:17   INFO [RegistrationTest:75  ] : Select by index - 32
2021-09-08 00:03:17   INFO [RegistrationTest:78  ] : Input post code - 68538
2021-09-08 00:03:18   INFO [RegistrationTest:82  ] : Select by visible text - United States
2021-09-08 00:03:18   INFO [RegistrationTest:85  ] : Input phone - 1234567890
2021-09-08 00:03:18   INFO [RegistrationTest:89  ] : Input alias - 12334qwer@umail.com
2021-09-08 00:03:20   INFO [RegistrationTest:91  ] : Click button submit registration
2021-09-08 00:03:20   INFO [RegistrationTest:93  ] : Check h1 is displayed - //div[@id='center_column']/h1
2021-09-08 00:13:17   INFO [RegistrationTest:31  ] : Open url - http://automationpractice.com/index.php
2021-09-08 00:13:20   INFO [RegistrationTest:42  ] : Click login - //a[@class='login']
2021-09-08 00:13:20   INFO [RegistrationTest:45  ] : Input email - 12k334qwer@umail.com
2021-09-08 00:13:20   INFO [RegistrationTest:48  ] : Click account create form
2021-09-08 00:13:23   INFO [RegistrationTest:51  ] : Input customer firstname - Vika
2021-09-08 00:13:23   INFO [RegistrationTest:54  ] : Input customer lastname - gjkl
2021-09-08 00:13:23   INFO [RegistrationTest:57  ] : Input email - 12k334qwer@umail.com
2021-09-08 00:13:23   INFO [RegistrationTest:60  ] : Input password - 1234qwer
2021-09-08 00:13:24   INFO [RegistrationTest:65  ] : Input first name - Vika
2021-09-08 00:13:24   INFO [RegistrationTest:68  ] : input last name - Kondratova
2021-09-08 00:13:25   INFO [RegistrationTest:75  ] : Select by index - 32
2021-09-08 00:13:25   INFO [RegistrationTest:78  ] : Input post code - 12345
2021-09-08 00:13:25   INFO [RegistrationTest:82  ] : Select by visible text - United States
2021-09-08 00:13:25   INFO [RegistrationTest:85  ] : Input phone - 1234567890
2021-09-08 00:13:25   INFO [RegistrationTest:89  ] : Input alias - 12k334qwer@umail.com
2021-09-08 00:13:28   INFO [RegistrationTest:91  ] : Click button submit registration
2021-09-08 00:53:02   INFO [ContactUsTest:30  ] : Open url - http://automationpractice.com/index.php
2021-09-08 00:53:03   INFO [ContactUsTest:37  ] : Click login - //a[@title='Contact Us']
2021-09-08 00:53:03   INFO [ContactUsTest:43  ] : Select by Subject Heading - 1 (Webmaster)
2021-09-08 00:53:03   INFO [ContactUsTest:46  ] : Input email - 1234qwsa@hmail.com
2021-09-08 00:53:03   INFO [ContactUsTest:49  ] : Input Order reference - 123456
2021-09-08 00:53:04   INFO [ContactUsTest:52  ] : Input Message - qwer
2021-09-08 00:53:04   INFO [ContactUsTest:54  ] : Click button submit Send Message
2021-09-08 00:56:15   INFO [ContactUsTest:30  ] : Open url - http://automationpractice.com/index.php
2021-09-08 00:56:18   INFO [ContactUsTest:37  ] : Click login - //a[@title='Contact Us']
2021-09-08 00:56:18   INFO [ContactUsTest:43  ] : Select by Subject Heading - 1 (Webmaster)
2021-09-08 00:56:18   INFO [ContactUsTest:46  ] : Input email - 1234qwsa@hmail.com
2021-09-08 00:56:18   INFO [ContactUsTest:49  ] : Input Order reference - 123456
2021-09-08 00:56:18   INFO [ContactUsTest:52  ] : Input Message - qwer
2021-09-08 00:56:20   INFO [ContactUsTest:54  ] : Click button submit Send Message
2021-09-08 00:58:23   INFO [ContactUsTest:30  ] : Open url - http://automationpractice.com/index.php
2021-09-08 00:58:24   INFO [ContactUsTest:37  ] : Click login - //a[@title='Contact Us']
2021-09-08 00:58:24   INFO [ContactUsTest:43  ] : Select by Subject Heading - 1 (Webmaster)
2021-09-08 00:58:24   INFO [ContactUsTest:46  ] : Input email - 1234qwsa@hmail.com
2021-09-08 00:58:25   INFO [ContactUsTest:49  ] : Input Order reference - 123456
2021-09-08 00:58:25   INFO [ContactUsTest:52  ] : Input Message - qwer
2021-09-08 00:58:25   INFO [ContactUsTest:54  ] : Click button submit Send Message
2021-09-08 00:58:26   INFO [ContactUsTest:57  ] : Your message has been successfully sent to our team
